INFO:sim:172 - Generating IP...
Resolving generics for 'ramMemoryData'...
Applying external generics to 'ramMemoryData'...
Delivering associated files for 'ramMemoryData'...
Delivering EJava files for 'ramMemoryData'...
Generating implementation netlist for 'ramMemoryData'...
INFO:sim - Pre-processing HDL files for 'ramMemoryData'...
Running synthesis for 'ramMemoryData'
Running ngcbuild...
Writing VEO instantiation template for 'ramMemoryData'...
Writing Verilog behavioral simulation model for 'ramMemoryData'...
WARNING:sim - Overwriting existing file
   C:/Xilinx/Lab7/ipcore_dir/tmp/_cg/ramMemoryData/doc/blk_mem_gen_v7_3_vinfo.ht
   ml with file from view xilinx_documentation
Delivered 1 file into directory C:/Xilinx/Lab7/ipcore_dir/tmp/_cg/ramMemoryData
Generating ASY schematic symbol...
INFO:sim:949 - Finished generation of ASY schematic symbol.
Generating SYM schematic symbol for 'ramMemoryData'...
Generating metadata file...
Generating ISE project file for 'ramMemoryData'...
Generating ISE project...
XCO file found: ramMemoryData.xco
XMDF file found: ramMemoryData_xmdf.tcl
Adding C:/Xilinx/Lab7/ipcore_dir/tmp/_cg/ramMemoryData.asy -view all
-origin_type imported
Adding C:/Xilinx/Lab7/ipcore_dir/tmp/_cg/ramMemoryData.ngc -view all
-origin_type created
Checking file "C:/Xilinx/Lab7/ipcore_dir/tmp/_cg/ramMemoryData.ngc" for project
device match ...
File "C:/Xilinx/Lab7/ipcore_dir/tmp/_cg/ramMemoryData.ngc" device information
matches project device.
Adding C:/Xilinx/Lab7/ipcore_dir/tmp/_cg/ramMemoryData.sym -view all
-origin_type imported
Adding C:/Xilinx/Lab7/ipcore_dir/tmp/_cg/ramMemoryData.v -view all -origin_type
created
INFO:HDLCompiler:1845 - Analyzing Verilog file
   "C:/Xilinx/Lab7/ipcore_dir/tmp/_cg/ramMemoryData.v" into library work
INFO:ProjectMgmt - Parsing design hierarchy completed successfully.
Adding C:/Xilinx/Lab7/ipcore_dir/tmp/_cg/ramMemoryData.veo -view all
-origin_type imported
INFO:TclTasksC:2116 - The automatic calculation of top has been turned-off.
   Please set the new top explicitly by running the "project set top" command.
   To re-calculate the new top automatically, set the "Auto Implementation Top"
   property to true.
Top level has been set to "/ramMemoryData"
Generating README file...
Generating FLIST file...
INFO:sim:948 - Finished FLIST file generation.
Launching README viewer...
Moving files to output directory...
Finished moving files to output directory
Wrote CGP file for project 'ramMemoryData'.
