Command line:
   tb_isim_beh.exe
     -simmode  gui
     -simrunnum  0
     -socket  52743

Sun Sep 11 14:47:46 2016


 Elaboration Time: 0.125 sec

 Current Memory Usage: 841.56 Meg

 Total Signals          : 48
 Total Nets             : 46
 Total Signal Drivers   : 22
 Total Blocks           : 11
 Total Primitive Blocks : 9
 Total Processes        : 29
 Total Traceable Variables  : 27
 Total Scalar Nets and Variables : 139
Total Line Count : 64

 Total Simulation Time: 0.15625 sec

 Current Memory Usage: 369.701 Meg

Sun Sep 11 15:06:23 2016

