Command line:
   ALU_TB_isim_beh.exe
     -simmode  gui
     -simrunnum  0
     -socket  52868

Mon Oct 31 12:29:30 2016


 Elaboration Time: 0.125 sec

 Current Memory Usage: 842.256 Meg

 Total Signals          : 20
 Total Nets             : 68
 Total Signal Drivers   : 12
 Total Blocks           : 3
 Total Primitive Blocks : 2
 Total Processes        : 15
 Total Traceable Variables  : 25
 Total Scalar Nets and Variables : 203
Total Line Count : 60

 Total Simulation Time: 0.234375 sec

 Current Memory Usage: 370.397 Meg

Mon Oct 31 12:51:46 2016

