Command line:
   int_data_path_isim_beh.exe
     -simmode  gui
     -simrunnum  0
     -socket  52865

Mon Oct 31 12:29:07 2016


 Elaboration Time: 0.140625 sec

 Current Memory Usage: 842.748 Meg

 Total Signals          : 115
 Total Nets             : 155
 Total Signal Drivers   : 31
 Total Blocks           : 15
 Total Primitive Blocks : 13
 Total Processes        : 44
 Total Traceable Variables  : 33
 Total Scalar Nets and Variables : 406
Total Line Count : 142

 Total Simulation Time: 0.171875 sec

 Current Memory Usage: 842.748 Meg

Mon Oct 31 12:29:14 2016

