Release 14.7 - xst P.20131013 (nt64)
Copyright (c) 1995-2013 Xilinx, Inc.  All rights reserved.
--> Parameter TMPDIR set to xst/projnav.tmp


Total REAL time to Xst completion: 0.00 secs
Total CPU time to Xst completion: 0.34 secs
 
--> Parameter xsthdpdir set to xst


Total REAL time to Xst completion: 0.00 secs
Total CPU time to Xst completion: 0.34 secs
 
--> Reading design: shift_register.prj

TABLE OF CONTENTS
  1) Synthesis Options Summary
  2) HDL Parsing
  3) HDL Elaboration
  4) HDL Synthesis
       4.1) HDL Synthesis Report
  5) Advanced HDL Synthesis
       5.1) Advanced HDL Synthesis Report
  6) Low Level Synthesis
  7) Partition Report
  8) Design Summary
       8.1) Primitive and Black Box Usage
       8.2) Device utilization summary
       8.3) Partition Resource Summary
       8.4) Timing Report
            8.4.1) Clock Information
            8.4.2) Asynchronous Control Signals Information
            8.4.3) Timing Summary
            8.4.4) Timing Details
            8.4.5) Cross Clock Domains Report


=========================================================================
*                      Synthesis Options Summary                        *
=========================================================================
---- Source Parameters
Input File Name                    : "shift_register.prj"
Ignore Synthesis Constraint File   : NO

---- Target Parameters
Output File Name                   : "shift_register"
Output Format                      : NGC
Target Device                      : xc6slx16-2-csg324

---- Source Options
Top Module Name                    : shift_register
Automatic FSM Extraction           : YES
FSM Encoding Algorithm             : Auto
Safe Implementation                : No
FSM Style                          : LUT
RAM Extraction                     : Yes
RAM Style                          : Auto
ROM Extraction                     : Yes
Shift Register Extraction          : YES
ROM Style                          : Auto
Resource Sharing                   : YES
Asynchronous To Synchronous        : NO
Shift Register Minimum Size        : 2
Use DSP Block                      : Auto
Automatic Register Balancing       : No

---- Target Options
LUT Combining                      : Auto
Reduce Control Sets                : Auto
Add IO Buffers                     : YES
Global Maximum Fanout              : 100000
Add Generic Clock Buffer(BUFG)     : 16
Register Duplication               : YES
Optimize Instantiated Primitives   : NO
Use Clock Enable                   : Auto
Use Synchronous Set                : Auto
Use Synchronous Reset              : Auto
Pack IO Registers into IOBs        : Auto
Equivalent register Removal        : YES

---- General Options
Optimization Goal                  : Speed
Optimization Effort                : 1
Power Reduction                    : NO
Keep Hierarchy                     : No
Netlist Hierarchy                  : As_Optimized
RTL Output                         : Yes
Global Optimization                : AllClockNets
Read Cores                         : YES
Write Timing Constraints           : NO
Cross Clock Analysis               : NO
Hierarchy Separator                : /
Bus Delimiter                      : <>
Case Specifier                     : Maintain
Slice Utilization Ratio            : 100
BRAM Utilization Ratio             : 100
DSP48 Utilization Ratio            : 100
Auto BRAM Packing                  : NO
Slice Utilization Ratio Delta      : 5

=========================================================================


=========================================================================
*                          HDL Parsing                                  *
=========================================================================
Analyzing Verilog file "C:\Xilinx\Lab1\mux_4to1.v" into library work
Parsing module <mux_4to1>.
Analyzing Verilog file "C:\Xilinx\Lab1\d_ff.v" into library work
Parsing module <d_ff>.
Analyzing Verilog file "C:\Xilinx\Lab1\debounce.v" into library work
Parsing module <debounce>.
Analyzing Verilog file "C:\Xilinx\Lab1\clockDivider.v" into library work
Parsing module <clockDivider>.
Analyzing Verilog file "C:\Xilinx\Lab1\shift_register.v" into library work
Parsing module <shift_register>.

=========================================================================
*                            HDL Elaboration                            *
=========================================================================

Elaborating module <shift_register>.

Elaborating module <clockDivider>.

Elaborating module <debounce>.

Elaborating module <mux_4to1>.

Elaborating module <d_ff>.

=========================================================================
*                           HDL Synthesis                               *
=========================================================================

Synthesizing Unit <shift_register>.
    Related source file is "C:\Xilinx\Lab1\shift_register.v".
    Summary:
	no macro.
Unit <shift_register> synthesized.

Synthesizing Unit <clockDivider>.
    Related source file is "C:\Xilinx\Lab1\clockDivider.v".
    Found 32-bit register for signal <i>.
    Found 1-bit register for signal <outClk>.
    Found 32-bit adder for signal <i[31]_GND_2_o_add_1_OUT> created at line 42.
    Found 32-bit comparator greater for signal <n0002> created at line 43
    Summary:
	inferred   1 Adder/Subtractor(s).
	inferred  33 D-type flip-flop(s).
	inferred   1 Comparator(s).
	inferred   1 Multiplexer(s).
Unit <clockDivider> synthesized.

Synthesizing Unit <debounce>.
    Related source file is "C:\Xilinx\Lab1\debounce.v".
    Found 1-bit register for signal <q1>.
    Found 1-bit register for signal <q2>.
    Found 1-bit register for signal <q3>.
    Found 1-bit register for signal <q4>.
    Found 1-bit register for signal <q5>.
    Found 1-bit register for signal <q6>.
    Found 1-bit register for signal <q7>.
    Found 1-bit register for signal <q8>.
    Found 1-bit register for signal <q9>.
    Found 1-bit register for signal <q0>.
    Summary:
	inferred  10 D-type flip-flop(s).
Unit <debounce> synthesized.

Synthesizing Unit <mux_4to1>.
    Related source file is "C:\Xilinx\Lab1\mux_4to1.v".
    Found 1-bit 4-to-1 multiplexer for signal <outMux> created at line 37.
    Summary:
	inferred   1 Multiplexer(s).
Unit <mux_4to1> synthesized.

Synthesizing Unit <d_ff>.
    Related source file is "C:\Xilinx\Lab1\d_ff.v".
    Found 1-bit register for signal <outFF>.
    Summary:
	inferred   1 D-type flip-flop(s).
Unit <d_ff> synthesized.

=========================================================================
HDL Synthesis Report

Macro Statistics
# Adders/Subtractors                                   : 1
 32-bit adder                                          : 1
# Registers                                            : 16
 1-bit register                                        : 15
 32-bit register                                       : 1
# Comparators                                          : 1
 32-bit comparator greater                             : 1
# Multiplexers                                         : 5
 1-bit 4-to-1 multiplexer                              : 4
 32-bit 2-to-1 multiplexer                             : 1

=========================================================================

=========================================================================
*                       Advanced HDL Synthesis                          *
=========================================================================


=========================================================================
Advanced HDL Synthesis Report

Macro Statistics
# Adders/Subtractors                                   : 1
 32-bit adder                                          : 1
# Registers                                            : 47
 Flip-Flops                                            : 47
# Comparators                                          : 1
 32-bit comparator greater                             : 1
# Multiplexers                                         : 5
 1-bit 4-to-1 multiplexer                              : 4
 32-bit 2-to-1 multiplexer                             : 1

=========================================================================

=========================================================================
*                         Low Level Synthesis                           *
=========================================================================

Optimizing unit <shift_register> ...

Optimizing unit <clockDivider> ...

Optimizing unit <debounce> ...

Mapping all equations...
Building and optimizing final netlist ...
Found area constraint ratio of 100 (+ 5) on block shift_register, actual ratio is 1.

Final Macro Processing ...

=========================================================================
Final Register Report

Macro Statistics
# Registers                                            : 47
 Flip-Flops                                            : 47

=========================================================================

=========================================================================
*                           Partition Report                            *
=========================================================================

Partition Implementation Status
-------------------------------

  No Partitions were found in this design.

-------------------------------

=========================================================================
*                            Design Summary                             *
=========================================================================

Top Level Output File Name         : shift_register.ngc

Primitive and Black Box Usage:
------------------------------
# BELS                             : 154
#      GND                         : 1
#      INV                         : 1
#      LUT1                        : 31
#      LUT2                        : 34
#      LUT3                        : 1
#      LUT4                        : 2
#      LUT5                        : 8
#      LUT6                        : 5
#      MUXCY                       : 38
#      VCC                         : 1
#      XORCY                       : 32
# FlipFlops/Latches                : 47
#      FDC                         : 47
# Clock Buffers                    : 1
#      BUFGP                       : 1
# IO Buffers                       : 13
#      IBUF                        : 9
#      OBUF                        : 4

Device utilization summary:
---------------------------

Selected Device : 6slx16csg324-2 


Slice Logic Utilization: 
 Number of Slice Registers:              47  out of  18224     0%  
 Number of Slice LUTs:                   82  out of   9112     0%  
    Number used as Logic:                82  out of   9112     0%  

Slice Logic Distribution: 
 Number of LUT Flip Flop pairs used:     91
   Number with an unused Flip Flop:      44  out of     91    48%  
   Number with an unused LUT:             9  out of     91     9%  
   Number of fully used LUT-FF pairs:    38  out of     91    41%  
   Number of unique control sets:         3

IO Utilization: 
 Number of IOs:                          14
 Number of bonded IOBs:                  14  out of    232     6%  

Specific Feature Utilization:
 Number of BUFG/BUFGCTRLs:                1  out of     16     6%  

---------------------------
Partition Resource Summary:
---------------------------

  No Partitions were found in this design.

---------------------------


=========================================================================
Timing Report

NOTE: THESE TIMING NUMBERS ARE ONLY A SYNTHESIS ESTIMATE.
      FOR ACCURATE TIMING INFORMATION PLEASE REFER TO THE TRACE REPORT
      GENERATED AFTER PLACE-and-ROUTE.

Clock Information:
------------------
-----------------------------------+------------------------+-------+
Clock Signal                       | Clock buffer(FF name)  | Load  |
-----------------------------------+------------------------+-------+
outD(debo0/outD:O)                 | NONE(*)(ff3/outFF)     | 4     |
clock                              | BUFGP                  | 33    |
ck0/outClk                         | NONE(debo0/q9)         | 10    |
-----------------------------------+------------------------+-------+
(*) This 1 clock signal(s) are generated by combinatorial logic,
and XST is not able to identify which are the primary clock signals.
Please use the CLOCK_SIGNAL constraint to specify the clock signal(s) generated by combinatorial logic.
INFO:Xst:2169 - HDL ADVISOR - Some clock signals were not automatically buffered by XST with BUFG/BUFR resources. Please use the buffer_type constraint in order to insert these buffers to the clock signals to help prevent skew problems.

Asynchronous Control Signals Information:
----------------------------------------
No asynchronous control signals found in this design

Timing Summary:
---------------
Speed Grade: -2

   Minimum period: 6.052ns (Maximum Frequency: 165.234MHz)
   Minimum input arrival time before clock: 3.557ns
   Maximum output required time after clock: 4.240ns
   Maximum combinational path delay: No path found

Timing Details:
---------------
All values displayed in nanoseconds (ns)

=========================================================================
Timing constraint: Default period analysis for Clock 'outD'
  Clock period: 2.087ns (frequency: 479.157MHz)
  Total number of paths / destination ports: 11 / 4
-------------------------------------------------------------------------
Delay:               2.087ns (Levels of Logic = 1)
  Source:            ff2/outFF (FF)
  Destination:       ff3/outFF (FF)
  Source Clock:      outD rising
  Destination Clock: outD rising

  Data Path: ff2/outFF to ff3/outFF
                                Gate     Net
    Cell:in->out      fanout   Delay   Delay  Logical Name (Net Name)
    ----------------------------------------  ------------
     FDC:C->Q              4   0.525   1.234  ff2/outFF (ff2/outFF)
     LUT6:I1->O            1   0.254   0.000  mux3/Mmux_outMux11 (w3)
     FDC:D                     0.074          ff3/outFF
    ----------------------------------------
    Total                      2.087ns (0.853ns logic, 1.234ns route)
                                       (40.9% logic, 59.1% route)

=========================================================================
Timing constraint: Default period analysis for Clock 'clock'
  Clock period: 6.052ns (frequency: 165.234MHz)
  Total number of paths / destination ports: 32737 / 33
-------------------------------------------------------------------------
Delay:               6.052ns (Levels of Logic = 35)
  Source:            ck0/i_0 (FF)
  Destination:       ck0/i_31 (FF)
  Source Clock:      clock rising
  Destination Clock: clock rising

  Data Path: ck0/i_0 to ck0/i_31
                                Gate     Net
    Cell:in->out      fanout   Delay   Delay  Logical Name (Net Name)
    ----------------------------------------  ------------
     FDC:C->Q              1   0.525   0.681  ck0/i_0 (ck0/i_0)
     INV:I->O              1   0.255   0.000  ck0/Madd_i[31]_GND_2_o_add_1_OUT_lut<0>_INV_0 (ck0/Madd_i[31]_GND_2_o_add_1_OUT_lut<0>)
     MUXCY:S->O            1   0.215   0.000  ck0/Madd_i[31]_GND_2_o_add_1_OUT_cy<0> (ck0/Madd_i[31]_GND_2_o_add_1_OUT_cy<0>)
     MUXCY:CI->O           1   0.023   0.000  ck0/Madd_i[31]_GND_2_o_add_1_OUT_cy<1> (ck0/Madd_i[31]_GND_2_o_add_1_OUT_cy<1>)
     MUXCY:CI->O           1   0.023   0.000  ck0/Madd_i[31]_GND_2_o_add_1_OUT_cy<2> (ck0/Madd_i[31]_GND_2_o_add_1_OUT_cy<2>)
     MUXCY:CI->O           1   0.023   0.000  ck0/Madd_i[31]_GND_2_o_add_1_OUT_cy<3> (ck0/Madd_i[31]_GND_2_o_add_1_OUT_cy<3>)
     MUXCY:CI->O           1   0.023   0.000  ck0/Madd_i[31]_GND_2_o_add_1_OUT_cy<4> (ck0/Madd_i[31]_GND_2_o_add_1_OUT_cy<4>)
     MUXCY:CI->O           1   0.023   0.000  ck0/Madd_i[31]_GND_2_o_add_1_OUT_cy<5> (ck0/Madd_i[31]_GND_2_o_add_1_OUT_cy<5>)
     MUXCY:CI->O           1   0.023   0.000  ck0/Madd_i[31]_GND_2_o_add_1_OUT_cy<6> (ck0/Madd_i[31]_GND_2_o_add_1_OUT_cy<6>)
     MUXCY:CI->O           1   0.023   0.000  ck0/Madd_i[31]_GND_2_o_add_1_OUT_cy<7> (ck0/Madd_i[31]_GND_2_o_add_1_OUT_cy<7>)
     MUXCY:CI->O           1   0.023   0.000  ck0/Madd_i[31]_GND_2_o_add_1_OUT_cy<8> (ck0/Madd_i[31]_GND_2_o_add_1_OUT_cy<8>)
     MUXCY:CI->O           1   0.023   0.000  ck0/Madd_i[31]_GND_2_o_add_1_OUT_cy<9> (ck0/Madd_i[31]_GND_2_o_add_1_OUT_cy<9>)
     MUXCY:CI->O           1   0.023   0.000  ck0/Madd_i[31]_GND_2_o_add_1_OUT_cy<10> (ck0/Madd_i[31]_GND_2_o_add_1_OUT_cy<10>)
     MUXCY:CI->O           1   0.023   0.000  ck0/Madd_i[31]_GND_2_o_add_1_OUT_cy<11> (ck0/Madd_i[31]_GND_2_o_add_1_OUT_cy<11>)
     MUXCY:CI->O           1   0.023   0.000  ck0/Madd_i[31]_GND_2_o_add_1_OUT_cy<12> (ck0/Madd_i[31]_GND_2_o_add_1_OUT_cy<12>)
     MUXCY:CI->O           1   0.023   0.000  ck0/Madd_i[31]_GND_2_o_add_1_OUT_cy<13> (ck0/Madd_i[31]_GND_2_o_add_1_OUT_cy<13>)
     MUXCY:CI->O           1   0.023   0.000  ck0/Madd_i[31]_GND_2_o_add_1_OUT_cy<14> (ck0/Madd_i[31]_GND_2_o_add_1_OUT_cy<14>)
     MUXCY:CI->O           1   0.023   0.000  ck0/Madd_i[31]_GND_2_o_add_1_OUT_cy<15> (ck0/Madd_i[31]_GND_2_o_add_1_OUT_cy<15>)
     MUXCY:CI->O           1   0.023   0.000  ck0/Madd_i[31]_GND_2_o_add_1_OUT_cy<16> (ck0/Madd_i[31]_GND_2_o_add_1_OUT_cy<16>)
     MUXCY:CI->O           1   0.023   0.000  ck0/Madd_i[31]_GND_2_o_add_1_OUT_cy<17> (ck0/Madd_i[31]_GND_2_o_add_1_OUT_cy<17>)
     MUXCY:CI->O           1   0.023   0.000  ck0/Madd_i[31]_GND_2_o_add_1_OUT_cy<18> (ck0/Madd_i[31]_GND_2_o_add_1_OUT_cy<18>)
     MUXCY:CI->O           1   0.023   0.000  ck0/Madd_i[31]_GND_2_o_add_1_OUT_cy<19> (ck0/Madd_i[31]_GND_2_o_add_1_OUT_cy<19>)
     MUXCY:CI->O           1   0.023   0.000  ck0/Madd_i[31]_GND_2_o_add_1_OUT_cy<20> (ck0/Madd_i[31]_GND_2_o_add_1_OUT_cy<20>)
     MUXCY:CI->O           1   0.023   0.000  ck0/Madd_i[31]_GND_2_o_add_1_OUT_cy<21> (ck0/Madd_i[31]_GND_2_o_add_1_OUT_cy<21>)
     MUXCY:CI->O           1   0.023   0.000  ck0/Madd_i[31]_GND_2_o_add_1_OUT_cy<22> (ck0/Madd_i[31]_GND_2_o_add_1_OUT_cy<22>)
     MUXCY:CI->O           1   0.023   0.000  ck0/Madd_i[31]_GND_2_o_add_1_OUT_cy<23> (ck0/Madd_i[31]_GND_2_o_add_1_OUT_cy<23>)
     MUXCY:CI->O           1   0.023   0.000  ck0/Madd_i[31]_GND_2_o_add_1_OUT_cy<24> (ck0/Madd_i[31]_GND_2_o_add_1_OUT_cy<24>)
     MUXCY:CI->O           1   0.023   0.000  ck0/Madd_i[31]_GND_2_o_add_1_OUT_cy<25> (ck0/Madd_i[31]_GND_2_o_add_1_OUT_cy<25>)
     MUXCY:CI->O           1   0.023   0.000  ck0/Madd_i[31]_GND_2_o_add_1_OUT_cy<26> (ck0/Madd_i[31]_GND_2_o_add_1_OUT_cy<26>)
     MUXCY:CI->O           1   0.023   0.000  ck0/Madd_i[31]_GND_2_o_add_1_OUT_cy<27> (ck0/Madd_i[31]_GND_2_o_add_1_OUT_cy<27>)
     MUXCY:CI->O           1   0.023   0.000  ck0/Madd_i[31]_GND_2_o_add_1_OUT_cy<28> (ck0/Madd_i[31]_GND_2_o_add_1_OUT_cy<28>)
     XORCY:CI->O           3   0.206   1.196  ck0/Madd_i[31]_GND_2_o_add_1_OUT_xor<29> (ck0/i[31]_GND_2_o_add_1_OUT<29>)
     LUT5:I0->O            0   0.254   0.000  ck0/Mcompar_n0002_lutdi4 (ck0/Mcompar_n0002_lutdi4)
     MUXCY:DI->O           1   0.181   0.000  ck0/Mcompar_n0002_cy<4> (ck0/Mcompar_n0002_cy<4>)
     MUXCY:CI->O          33   0.023   1.537  ck0/Mcompar_n0002_cy<5> (ck0/Mcompar_n0002_cy<5>)
     LUT2:I1->O            1   0.254   0.000  ck0/Mmux_i[31]_GND_2_o_mux_3_OUT210 (ck0/i[31]_GND_2_o_mux_3_OUT<10>)
     FDC:D                     0.074          ck0/i_10
    ----------------------------------------
    Total                      6.052ns (2.638ns logic, 3.414ns route)
                                       (43.6% logic, 56.4% route)

=========================================================================
Timing constraint: Default period analysis for Clock 'ck0/outClk'
  Clock period: 1.324ns (frequency: 755.287MHz)
  Total number of paths / destination ports: 9 / 9
-------------------------------------------------------------------------
Delay:               1.324ns (Levels of Logic = 0)
  Source:            debo0/q8 (FF)
  Destination:       debo0/q9 (FF)
  Source Clock:      ck0/outClk rising
  Destination Clock: ck0/outClk rising

  Data Path: debo0/q8 to debo0/q9
                                Gate     Net
    Cell:in->out      fanout   Delay   Delay  Logical Name (Net Name)
    ----------------------------------------  ------------
     FDC:C->Q              2   0.525   0.725  debo0/q8 (debo0/q8)
     FDC:D                     0.074          debo0/q9
    ----------------------------------------
    Total                      1.324ns (0.599ns logic, 0.725ns route)
                                       (45.2% logic, 54.8% route)

=========================================================================
Timing constraint: Default OFFSET IN BEFORE for Clock 'outD'
  Total number of paths / destination ports: 17 / 8
-------------------------------------------------------------------------
Offset:              3.557ns (Levels of Logic = 1)
  Source:            reset (PAD)
  Destination:       ff3/outFF (FF)
  Destination Clock: outD rising

  Data Path: reset to ff3/outFF
                                Gate     Net
    Cell:in->out      fanout   Delay   Delay  Logical Name (Net Name)
    ----------------------------------------  ------------
     IBUF:I->O            47   1.328   1.770  reset_IBUF (reset_IBUF)
     FDC:CLR                   0.459          ff3/outFF
    ----------------------------------------
    Total                      3.557ns (1.787ns logic, 1.770ns route)
                                       (50.2% logic, 49.8% route)

=========================================================================
Timing constraint: Default OFFSET IN BEFORE for Clock 'clock'
  Total number of paths / destination ports: 33 / 33
-------------------------------------------------------------------------
Offset:              3.557ns (Levels of Logic = 1)
  Source:            reset (PAD)
  Destination:       ck0/i_31 (FF)
  Destination Clock: clock rising

  Data Path: reset to ck0/i_31
                                Gate     Net
    Cell:in->out      fanout   Delay   Delay  Logical Name (Net Name)
    ----------------------------------------  ------------
     IBUF:I->O            47   1.328   1.770  reset_IBUF (reset_IBUF)
     FDC:CLR                   0.459          ck0/i_0
    ----------------------------------------
    Total                      3.557ns (1.787ns logic, 1.770ns route)
                                       (50.2% logic, 49.8% route)

=========================================================================
Timing constraint: Default OFFSET IN BEFORE for Clock 'ck0/outClk'
  Total number of paths / destination ports: 11 / 11
-------------------------------------------------------------------------
Offset:              3.557ns (Levels of Logic = 1)
  Source:            reset (PAD)
  Destination:       debo0/q9 (FF)
  Destination Clock: ck0/outClk rising

  Data Path: reset to debo0/q9
                                Gate     Net
    Cell:in->out      fanout   Delay   Delay  Logical Name (Net Name)
    ----------------------------------------  ------------
     IBUF:I->O            47   1.328   1.770  reset_IBUF (reset_IBUF)
     FDC:CLR                   0.459          debo0/q0
    ----------------------------------------
    Total                      3.557ns (1.787ns logic, 1.770ns route)
                                       (50.2% logic, 49.8% route)

=========================================================================
Timing constraint: Default OFFSET OUT AFTER for Clock 'outD'
  Total number of paths / destination ports: 4 / 4
-------------------------------------------------------------------------
Offset:              4.240ns (Levels of Logic = 1)
  Source:            ff3/outFF (FF)
  Destination:       outShift<3> (PAD)
  Source Clock:      outD rising

  Data Path: ff3/outFF to outShift<3>
                                Gate     Net
    Cell:in->out      fanout   Delay   Delay  Logical Name (Net Name)
    ----------------------------------------  ------------
     FDC:C->Q              4   0.525   0.803  ff3/outFF (ff3/outFF)
     OBUF:I->O                 2.912          outShift_3_OBUF (outShift<3>)
    ----------------------------------------
    Total                      4.240ns (3.437ns logic, 0.803ns route)
                                       (81.1% logic, 18.9% route)

=========================================================================

Cross Clock Domains Report:
--------------------------

Clock to Setup on destination clock ck0/outClk
---------------+---------+---------+---------+---------+
               | Src:Rise| Src:Fall| Src:Rise| Src:Fall|
Source Clock   |Dest:Rise|Dest:Rise|Dest:Fall|Dest:Fall|
---------------+---------+---------+---------+---------+
ck0/outClk     |    1.324|         |         |         |
---------------+---------+---------+---------+---------+

Clock to Setup on destination clock clock
---------------+---------+---------+---------+---------+
               | Src:Rise| Src:Fall| Src:Rise| Src:Fall|
Source Clock   |Dest:Rise|Dest:Rise|Dest:Fall|Dest:Fall|
---------------+---------+---------+---------+---------+
clock          |    6.052|         |         |         |
---------------+---------+---------+---------+---------+

Clock to Setup on destination clock outD
---------------+---------+---------+---------+---------+
               | Src:Rise| Src:Fall| Src:Rise| Src:Fall|
Source Clock   |Dest:Rise|Dest:Rise|Dest:Fall|Dest:Fall|
---------------+---------+---------+---------+---------+
outD           |    2.087|         |         |         |
---------------+---------+---------+---------+---------+

=========================================================================


Total REAL time to Xst completion: 19.00 secs
Total CPU time to Xst completion: 18.93 secs
 
--> 

Total memory usage is 278420 kilobytes

Number of errors   :    0 (   0 filtered)
Number of warnings :    0 (   0 filtered)
Number of infos    :    1 (   0 filtered)

