ISim log file
Running: C:\Xilinx\Lab5\regFile_testBench_isim_beh.exe -intstyle ise -gui -tclbatch isim.cmd -wdb C:/Xilinx/Lab5/regFile_testBench_isim_beh.wdb 
ISim P.20131013 (signature 0x7708f090)
WARNING: A WEBPACK license was found.
WARNING: Please use Xilinx License Configuration Manager to check out a full ISim license.
WARNING: ISim will run in Lite mode. Please refer to the ISim documentation for more information on the differences between the Lite and the Full version.
This is a Lite version of ISim.
Time resolution is 1 ps
# onerror resume
# wave add /
# run 1000 ns
Simulator is doing circuit initialization process.
Finished circuit initialization process.
time = 36000.0 ps || R = 0000 || S = 0000
time = 46000.0 ps || R = 0000 || S = 0000
time = 56000.0 ps || R = 0000 || S = 0000
time = 66000.0 ps || R = 0000 || S = 0000
time = 76000.0 ps || R = 0000 || S = 0000
time = 86000.0 ps || R = 0000 || S = 0000
time = 96000.0 ps || R = 0000 || S = 0000
time = 106000.0 ps || R = 0000 || S = 0000
time = 196000.0 ps || R = ffff || S = fff8
time = 206000.0 ps || R = fffe || S = fff9
time = 216000.0 ps || R = fffd || S = fffa
time = 226000.0 ps || R = fffc || S = fffb
time = 236000.0 ps || R = fffb || S = fffc
time = 246000.0 ps || R = fffa || S = fffd
time = 256000.0 ps || R = fff9 || S = fffe
time = 266000.0 ps || R = fff8 || S = ffff
