Running: C:\Xilinx\14.7\ISE_DS\ISE\bin\nt64\unwrapped\fuse.exe -intstyle ise -incremental -lib unisims_ver -lib unimacro_ver -lib xilinxcorelib_ver -lib secureip -o C:/Xilinx/Lab2/sequenceDetector_TB_isim_beh.exe -prj C:/Xilinx/Lab2/sequenceDetector_TB_beh.prj work.sequenceDetector_TB work.glbl 
ISim P.20131013 (signature 0x7708f090)
Number of CPUs detected in this system: 8
Turning on mult-threading, number of parallel sub-compilation jobs: 16 
Determining compilation order of HDL files
Analyzing Verilog file "C:/Xilinx/Lab2/d_ff.v" into library work
Analyzing Verilog file "C:/Xilinx/Lab2/sequenceDetector.v" into library work
Analyzing Verilog file "C:/Xilinx/Lab2/sequenceDetector_TB.v" into library work
Analyzing Verilog file "C:/Xilinx/14.7/ISE_DS/ISE//verilog/src/glbl.v" into library work
Starting static elaboration
Completed static elaboration
Compiling module d_ff
Compiling module sequenceDetector
Compiling module sequenceDetector_TB
Compiling module glbl
Time Resolution for simulation is 1ps.
Waiting for 1 sub-compilation(s) to finish...
Compiled 4 Verilog Units
Built simulation executable C:/Xilinx/Lab2/sequenceDetector_TB_isim_beh.exe
Fuse Memory Usage: 28688 KB
Fuse CPU Usage: 1390 ms
