ISim log file
Running: C:\Xilinx\Lab2\sequenceDetector_TB_isim_beh.exe -intstyle ise -gui -tclbatch isim.cmd -wdb C:/Xilinx/Lab2/sequenceDetector_TB_isim_beh.wdb 
ISim P.20131013 (signature 0x7708f090)
WARNING: A WEBPACK license was found.
WARNING: Please use Xilinx License Configuration Manager to check out a full ISim license.
WARNING: ISim will run in Lite mode. Please refer to the ISim documentation for more information on the differences between the Lite and the Full version.
This is a Lite version of ISim.
Time resolution is 1 ps
# onerror resume
# wave add /
# run 1000 ns
Simulator is doing circuit initialization process.
Finished circuit initialization process.
Time = 36000.0 ps X = 0 Q = 001 Z = 0
Time = 46000.0 ps X = 0 Q = 001 Z = 0
Time = 56000.0 ps X = 1 Q = 010 Z = 0
Time = 66000.0 ps X = 0 Q = 011 Z = 0
Time = 76000.0 ps X = 1 Q = 100 Z = 0
Time = 86000.0 ps X = 0 Q = 011 Z = 0
Time = 96000.0 ps X = 1 Q = 100 Z = 0
Time = 106000.0 ps X = 1 Q = 101 Z = 0
Time = 116000.0 ps X = 0 Q = 110 Z = 1
Time = 126000.0 ps X = 1 Q = 000 Z = 0
Time = 136000.0 ps X = 0 Q = 001 Z = 0
Time = 146000.0 ps X = 1 Q = 010 Z = 0
Time = 156000.0 ps X = 1 Q = 000 Z = 0
Time = 166000.0 ps X = 0 Q = 001 Z = 0
Time = 176000.0 ps X = 0 Q = 001 Z = 0
Time = 186000.0 ps X = 0 Q = 001 Z = 0
Time = 196000.0 ps X = 1 Q = 010 Z = 0
Time = 206000.0 ps X = 1 Q = 000 Z = 0
Time = 216000.0 ps X = 0 Q = 001 Z = 0
Time = 226000.0 ps X = 1 Q = 010 Z = 0
Time = 236000.0 ps X = 0 Q = 011 Z = 0
Time = 246000.0 ps X = 1 Q = 100 Z = 0
Time = 256000.0 ps X = 1 Q = 101 Z = 0
Time = 266000.0 ps X = 0 Q = 110 Z = 1
Time = 276000.0 ps X = 1 Q = 000 Z = 0
Time = 286000.0 ps X = 0 Q = 001 Z = 0
Time = 296000.0 ps X = 1 Q = 010 Z = 0
Time = 306000.0 ps X = 1 Q = 000 Z = 0
Time = 316000.0 ps X = 0 Q = 001 Z = 0
Time = 326000.0 ps X = 1 Q = 010 Z = 0
Time = 336000.0 ps X = 1 Q = 000 Z = 0
Time = 346000.0 ps X = 1 Q = 000 Z = 0
Time = 356000.0 ps X = 0 Q = 001 Z = 0
Time = 366000.0 ps X = 1 Q = 010 Z = 0
Time = 376000.0 ps X = 0 Q = 011 Z = 0
Time = 386000.0 ps X = 0 Q = 001 Z = 0
Time = 396000.0 ps X = 1 Q = 010 Z = 0
Time = 406000.0 ps X = 0 Q = 011 Z = 0
Time = 416000.0 ps X = 1 Q = 100 Z = 0
Time = 426000.0 ps X = 1 Q = 101 Z = 0
Time = 436000.0 ps X = 0 Q = 110 Z = 1
Time = 446000.0 ps X = 0 Q = 001 Z = 0
Time = 456000.0 ps X = 1 Q = 010 Z = 0
Time = 466000.0 ps X = 0 Q = 011 Z = 0
Time = 476000.0 ps X = 1 Q = 100 Z = 0
Time = 486000.0 ps X = 1 Q = 101 Z = 0
Time = 496000.0 ps X = 0 Q = 110 Z = 1
Time = 506000.0 ps X = 1 Q = 000 Z = 0
Stopped at time : 506 ns :  in File "C:/Xilinx/Lab2/sequenceDetector_TB.v" Line 82 
