Release 14.7 - xst P.20131013 (nt64)
Copyright (c) 1995-2013 Xilinx, Inc.  All rights reserved.
--> Parameter TMPDIR set to xst/projnav.tmp


Total REAL time to Xst completion: 0.00 secs
Total CPU time to Xst completion: 0.36 secs
 
--> Parameter xsthdpdir set to xst


Total REAL time to Xst completion: 0.00 secs
Total CPU time to Xst completion: 0.36 secs
 
--> Reading design: sequenceDetector.prj

TABLE OF CONTENTS
  1) Synthesis Options Summary
  2) HDL Parsing
  3) HDL Elaboration
  4) HDL Synthesis
       4.1) HDL Synthesis Report
  5) Advanced HDL Synthesis
       5.1) Advanced HDL Synthesis Report
  6) Low Level Synthesis
  7) Partition Report
  8) Design Summary
       8.1) Primitive and Black Box Usage
       8.2) Device utilization summary
       8.3) Partition Resource Summary
       8.4) Timing Report
            8.4.1) Clock Information
            8.4.2) Asynchronous Control Signals Information
            8.4.3) Timing Summary
            8.4.4) Timing Details
            8.4.5) Cross Clock Domains Report


=========================================================================
*                      Synthesis Options Summary                        *
=========================================================================
---- Source Parameters
Input File Name                    : "sequenceDetector.prj"
Ignore Synthesis Constraint File   : NO

---- Target Parameters
Output File Name                   : "sequenceDetector"
Output Format                      : NGC
Target Device                      : xc6slx16-2-csg324

---- Source Options
Top Module Name                    : sequenceDetector
Automatic FSM Extraction           : YES
FSM Encoding Algorithm             : Auto
Safe Implementation                : No
FSM Style                          : LUT
RAM Extraction                     : Yes
RAM Style                          : Auto
ROM Extraction                     : Yes
Shift Register Extraction          : YES
ROM Style                          : Auto
Resource Sharing                   : YES
Asynchronous To Synchronous        : NO
Shift Register Minimum Size        : 2
Use DSP Block                      : Auto
Automatic Register Balancing       : No

---- Target Options
LUT Combining                      : Auto
Reduce Control Sets                : Auto
Add IO Buffers                     : YES
Global Maximum Fanout              : 100000
Add Generic Clock Buffer(BUFG)     : 16
Register Duplication               : YES
Optimize Instantiated Primitives   : NO
Use Clock Enable                   : Auto
Use Synchronous Set                : Auto
Use Synchronous Reset              : Auto
Pack IO Registers into IOBs        : Auto
Equivalent register Removal        : YES

---- General Options
Optimization Goal                  : Speed
Optimization Effort                : 1
Power Reduction                    : NO
Keep Hierarchy                     : No
Netlist Hierarchy                  : As_Optimized
RTL Output                         : Yes
Global Optimization                : AllClockNets
Read Cores                         : YES
Write Timing Constraints           : NO
Cross Clock Analysis               : NO
Hierarchy Separator                : /
Bus Delimiter                      : <>
Case Specifier                     : Maintain
Slice Utilization Ratio            : 100
BRAM Utilization Ratio             : 100
DSP48 Utilization Ratio            : 100
Auto BRAM Packing                  : NO
Slice Utilization Ratio Delta      : 5

=========================================================================


=========================================================================
*                          HDL Parsing                                  *
=========================================================================
Analyzing Verilog file "C:\Xilinx\Lab2\d_ff.v" into library work
Parsing module <d_ff>.
Analyzing Verilog file "C:\Xilinx\Lab2\sequenceDetector.v" into library work
Parsing module <sequenceDetector>.

=========================================================================
*                            HDL Elaboration                            *
=========================================================================

Elaborating module <sequenceDetector>.

Elaborating module <d_ff>.

=========================================================================
*                           HDL Synthesis                               *
=========================================================================

Synthesizing Unit <sequenceDetector>.
    Related source file is "C:\Xilinx\Lab2\sequenceDetector.v".
    Summary:
	inferred   1 Multiplexer(s).
Unit <sequenceDetector> synthesized.

Synthesizing Unit <d_ff>.
    Related source file is "C:\Xilinx\Lab2\d_ff.v".
    Found 1-bit register for signal <outFF>.
    Summary:
	inferred   1 D-type flip-flop(s).
Unit <d_ff> synthesized.

=========================================================================
HDL Synthesis Report

Macro Statistics
# Registers                                            : 6
 1-bit register                                        : 6
# Multiplexers                                         : 1
 4-bit 2-to-1 multiplexer                              : 1

=========================================================================

=========================================================================
*                       Advanced HDL Synthesis                          *
=========================================================================


=========================================================================
Advanced HDL Synthesis Report

Macro Statistics
# Registers                                            : 6
 Flip-Flops                                            : 6
# Multiplexers                                         : 1
 4-bit 2-to-1 multiplexer                              : 1

=========================================================================

=========================================================================
*                         Low Level Synthesis                           *
=========================================================================

Optimizing unit <sequenceDetector> ...

Mapping all equations...
Building and optimizing final netlist ...
Found area constraint ratio of 100 (+ 5) on block sequenceDetector, actual ratio is 0.

Final Macro Processing ...

=========================================================================
Final Register Report

Macro Statistics
# Registers                                            : 6
 Flip-Flops                                            : 6

=========================================================================

=========================================================================
*                           Partition Report                            *
=========================================================================

Partition Implementation Status
-------------------------------

  No Partitions were found in this design.

-------------------------------

=========================================================================
*                            Design Summary                             *
=========================================================================

Top Level Output File Name         : sequenceDetector.ngc

Primitive and Black Box Usage:
------------------------------
# BELS                             : 11
#      LUT3                        : 5
#      LUT4                        : 5
#      LUT6                        : 1
# FlipFlops/Latches                : 6
#      FDC                         : 6
# Clock Buffers                    : 1
#      BUFGP                       : 1
# IO Buffers                       : 7
#      IBUF                        : 3
#      OBUF                        : 4

Device utilization summary:
---------------------------

Selected Device : 6slx16csg324-2 


Slice Logic Utilization: 
 Number of Slice Registers:               6  out of  18224     0%  
 Number of Slice LUTs:                   11  out of   9112     0%  
    Number used as Logic:                11  out of   9112     0%  

Slice Logic Distribution: 
 Number of LUT Flip Flop pairs used:     11
   Number with an unused Flip Flop:       5  out of     11    45%  
   Number with an unused LUT:             0  out of     11     0%  
   Number of fully used LUT-FF pairs:     6  out of     11    54%  
   Number of unique control sets:         1

IO Utilization: 
 Number of IOs:                           8
 Number of bonded IOBs:                   8  out of    232     3%  

Specific Feature Utilization:
 Number of BUFG/BUFGCTRLs:                1  out of     16     6%  

---------------------------
Partition Resource Summary:
---------------------------

  No Partitions were found in this design.

---------------------------


=========================================================================
Timing Report

NOTE: THESE TIMING NUMBERS ARE ONLY A SYNTHESIS ESTIMATE.
      FOR ACCURATE TIMING INFORMATION PLEASE REFER TO THE TRACE REPORT
      GENERATED AFTER PLACE-and-ROUTE.

Clock Information:
------------------
-----------------------------------+------------------------+-------+
Clock Signal                       | Clock buffer(FF name)  | Load  |
-----------------------------------+------------------------+-------+
clock                              | BUFGP                  | 6     |
-----------------------------------+------------------------+-------+

Asynchronous Control Signals Information:
----------------------------------------
No asynchronous control signals found in this design

Timing Summary:
---------------
Speed Grade: -2

   Minimum period: 1.903ns (Maximum Frequency: 525.486MHz)
   Minimum input arrival time before clock: 2.842ns
   Maximum output required time after clock: 6.492ns
   Maximum combinational path delay: 7.506ns

Timing Details:
---------------
All values displayed in nanoseconds (ns)

=========================================================================
Timing constraint: Default period analysis for Clock 'clock'
  Clock period: 1.903ns (frequency: 525.486MHz)
  Total number of paths / destination ports: 17 / 6
-------------------------------------------------------------------------
Delay:               1.903ns (Levels of Logic = 1)
  Source:            moore_q1/outFF (FF)
  Destination:       moore_q2/outFF (FF)
  Source Clock:      clock rising
  Destination Clock: clock rising

  Data Path: moore_q1/outFF to moore_q2/outFF
                                Gate     Net
    Cell:in->out      fanout   Delay   Delay  Logical Name (Net Name)
    ----------------------------------------  ------------
     FDC:C->Q              5   0.525   1.069  moore_q1/outFF (moore_q1/outFF)
     LUT4:I1->O            1   0.235   0.000  moore_d21 (moore_d2)
     FDC:D                     0.074          moore_q2/outFF
    ----------------------------------------
    Total                      1.903ns (0.834ns logic, 1.069ns route)
                                       (43.8% logic, 56.2% route)

=========================================================================
Timing constraint: Default OFFSET IN BEFORE for Clock 'clock'
  Total number of paths / destination ports: 12 / 12
-------------------------------------------------------------------------
Offset:              2.842ns (Levels of Logic = 2)
  Source:            X (PAD)
  Destination:       mealy_q2/outFF (FF)
  Destination Clock: clock rising

  Data Path: X to mealy_q2/outFF
                                Gate     Net
    Cell:in->out      fanout   Delay   Delay  Logical Name (Net Name)
    ----------------------------------------  ------------
     IBUF:I->O             7   1.328   1.186  X_IBUF (X_IBUF)
     LUT4:I0->O            1   0.254   0.000  mealy_d21 (mealy_d2)
     FDC:D                     0.074          mealy_q2/outFF
    ----------------------------------------
    Total                      2.842ns (1.656ns logic, 1.186ns route)
                                       (58.3% logic, 41.7% route)

=========================================================================
Timing constraint: Default OFFSET OUT AFTER for Clock 'clock'
  Total number of paths / destination ports: 12 / 4
-------------------------------------------------------------------------
Offset:              6.492ns (Levels of Logic = 3)
  Source:            mealy_q1/outFF (FF)
  Destination:       Z (PAD)
  Source Clock:      clock rising

  Data Path: mealy_q1/outFF to Z
                                Gate     Net
    Cell:in->out      fanout   Delay   Delay  Logical Name (Net Name)
    ----------------------------------------  ------------
     FDC:C->Q              4   0.525   0.912  mealy_q1/outFF (mealy_q1/outFF)
     LUT3:I1->O            1   0.250   0.958  Mmux_n00524_SW0 (N2)
     LUT6:I2->O            1   0.254   0.681  Mmux_n00524 (Z_OBUF)
     OBUF:I->O                 2.912          Z_OBUF (Z)
    ----------------------------------------
    Total                      6.492ns (3.941ns logic, 2.551ns route)
                                       (60.7% logic, 39.3% route)

=========================================================================
Timing constraint: Default path analysis
  Total number of paths / destination ports: 5 / 4
-------------------------------------------------------------------------
Delay:               7.506ns (Levels of Logic = 4)
  Source:            X (PAD)
  Destination:       Z (PAD)

  Data Path: X to Z
                                Gate     Net
    Cell:in->out      fanout   Delay   Delay  Logical Name (Net Name)
    ----------------------------------------  ------------
     IBUF:I->O             7   1.328   1.138  X_IBUF (X_IBUF)
     LUT3:I0->O            1   0.235   0.958  Mmux_n00524_SW0 (N2)
     LUT6:I2->O            1   0.254   0.681  Mmux_n00524 (Z_OBUF)
     OBUF:I->O                 2.912          Z_OBUF (Z)
    ----------------------------------------
    Total                      7.506ns (4.729ns logic, 2.777ns route)
                                       (63.0% logic, 37.0% route)

=========================================================================

Cross Clock Domains Report:
--------------------------

Clock to Setup on destination clock clock
---------------+---------+---------+---------+---------+
               | Src:Rise| Src:Fall| Src:Rise| Src:Fall|
Source Clock   |Dest:Rise|Dest:Rise|Dest:Fall|Dest:Fall|
---------------+---------+---------+---------+---------+
clock          |    1.903|         |         |         |
---------------+---------+---------+---------+---------+

=========================================================================


Total REAL time to Xst completion: 17.00 secs
Total CPU time to Xst completion: 17.60 secs
 
--> 

Total memory usage is 279056 kilobytes

Number of errors   :    0 (   0 filtered)
Number of warnings :    0 (   0 filtered)
Number of infos    :    0 (   0 filtered)

